<?xml version="1.0" encoding="UTF-8"?>
<!-- Generated by org.testng.reporters.JUnitReportReporter -->
<testsuite name="com.OrangeCrm.automation.testCases.TestCases" tests="1" time="19.588" ignored="1" failures="0" timestamp="12 Apr 2020 11:26:55 GMT" skipped="0" hostname="user-PC" errors="0">
  <testcase name="validLoginTest" time="19.588" classname="com.OrangeCrm.automation.testCases.TestCases"/>
  <testcase name="validateMultiLogin" classname="com.OrangeCrm.automation.testCases.TestCases">
    <skipped/>
  </testcase> <!-- validateMultiLogin -->
</testsuite> <!-- com.OrangeCrm.automation.testCases.TestCases -->
