<?xml version="1.0" encoding="UTF-8"?>
<!-- Generated by org.testng.reporters.JUnitReportReporter -->
<testsuite name="com.OrangeCrm.automation.testCases.LoginTest" tests="5" time="105.130" ignored="0" failures="0" timestamp="12 Apr 2020 14:12:56 GMT" skipped="0" hostname="user-PC" errors="0">
  <testcase name="validLoginTest" time="36.751" classname="com.OrangeCrm.automation.testCases.LoginTest"/>
  <testcase name="blankPassword" time="16.363" classname="com.OrangeCrm.automation.testCases.LoginTest"/>
  <testcase name="blankUserName" time="15.143" classname="com.OrangeCrm.automation.testCases.LoginTest"/>
  <testcase name="blankUserNamePassword" time="15.448" classname="com.OrangeCrm.automation.testCases.LoginTest"/>
  <testcase name="validateMultiLogin" time="21.425" classname="com.OrangeCrm.automation.testCases.LoginTest"/>
</testsuite> <!-- com.OrangeCrm.automation.testCases.LoginTest -->
