<?xml version="1.0" encoding="UTF-8"?>
<!-- Generated by org.testng.reporters.JUnitReportReporter -->
<testsuite name="com.OrangeCrm.automation.testCases.TestCases" tests="3" time="64.963" ignored="0" failures="0" timestamp="11 Apr 2020 11:41:48 GMT" skipped="0" hostname="user-PC" errors="0">
  <testcase name="validLoginTest" time="17.333" classname="com.OrangeCrm.automation.testCases.TestCases"/>
  <testcase name="validateMultiLogin" time="16.371" classname="com.OrangeCrm.automation.testCases.TestCases"/>
  <testcase name="testCustomeWebElement" time="31.259" classname="com.OrangeCrm.automation.testCases.TestCases"/>
</testsuite> <!-- com.OrangeCrm.automation.testCases.TestCases -->
