<?xml version="1.0" encoding="UTF-8"?>
<!-- Generated by org.testng.reporters.JUnitReportReporter -->
<testsuite name="com.OrangeCrm.automation.testCases.TestCases" tests="2" time="73.036" ignored="0" failures="0" timestamp="11 Apr 2020 19:40:07 GMT" skipped="0" hostname="user-PC" errors="0">
  <testcase name="validateMultiLogin" time="42.320" classname="com.OrangeCrm.automation.testCases.TestCases"/>
  <testcase name="validLoginTest" time="30.716" classname="com.OrangeCrm.automation.testCases.TestCases"/>
</testsuite> <!-- com.OrangeCrm.automation.testCases.TestCases -->
